Ray 7.77244 -5.79473 4.70554 -0.242536 -0 -0.970142
Polygon: 8.84139 -7.37287 -4.56174
6.18643 -2.3753 -5.65495
4 -1.75061 -3.93704

Polygon: -5.23607 2.89443 0.788854
2.36656 3.34164 1.68328
1.91935 0.211146 -4.57771

Polygon: 2.43431 6.26274 1.01005
1.16152 6.68701 2.28284
0.737258 4 4.82843
6.67696 3.71716 -2.38406

Polygon: 2 3.59175 2.59175
2 7.26599 6.26599
3.22474 3.59175 0.142262
2.40825 4.8165 3

Polygon: -7.68328 2.65836 -4.02492
-2.31672 5.34164 -2.68328
-3.21115 4.89443 1.78885

Polygon: 2.27279 2.27279 -6.54558
-1.96985 3.12132 -4.42426
6.65685 0.434315 -7.53553

Polygon: 1.44124 -1.78818 -6.06474
1.44124 -5.22942 -2.62351
-2.68825 -7.75299 -1.47643

Polygon: 2.25414 -4.21159 -4.67612
-3.49291 -4.54965 -6.02837
-2.47872 -4.88771 -6.02837
-0.788414 -3.1974 -4.67612

Polygon: 3.66667 -3.33333 -5.33333
-2 -5.33333 -0.666667
-1.33333 -4 -0.666667

Polygon: -5.52357 -0.311753 4.29416
0.21182 2.44124 -2.3589
-4.37649 -0.311753 3.14708
-4.14708 -2.37649 3.60591
-4.14708 3.12948 1.77058

Polygon: 4.41421 -0.585786 2.41421
2.29289 0.12132 3.12132
4.41421 0.12132 3.12132
1.58579 -0.585786 2.41421

Polygon: -1.24939 -0.627135 -1.03026
-1.09322 -5 2.09322
-3.592 -2.50122 2.71791
-2.34261 -6.24939 4.27965
-1.87409 -3.75061 1.93704

Polygon: 3.1543 4.38873 -2.8457
1.30266 -0.548977 -1.76557
2.8457 5.93176 -2.07418
1.91988 1.91988 -1.91988
2.69139 2.07418 -2.8457

Polygon: -0.11229 4.01418 -1.46454
-4.33806 -2.74705 -5.35225
-2.98581 3.33806 -3.32388
-5.85934 -2.40899 -6.1974
-3.83097 8.40899 -2.81678

Polygon: 4 -3 0
4 1 0
4 1 -1
4 -5 -6

Closest intersection for ray: 1.04062

Ray -1.7625 -4.6801 0.376598 -0.486664 0.811107 -0.324443
Polygon: 2.57735 2.57735 1.8453
2 6.6188 -1.6188
-0.309401 2.57735 4.73205

Polygon: -5.23607 2.89443 0.788854
2.36656 3.34164 1.68328
1.91935 0.211146 -4.57771

Polygon: -7.68328 2.65836 -4.02492
-2.31672 5.34164 -2.68328
-3.21115 4.89443 1.78885

Polygon: 2.27279 2.27279 -6.54558
-1.96985 3.12132 -4.42426
6.65685 0.434315 -7.53553

Polygon: 2.25414 -4.21159 -4.67612
-3.49291 -4.54965 -6.02837
-2.47872 -4.88771 -6.02837
-0.788414 -3.1974 -4.67612

Polygon: 3.66667 -3.33333 -5.33333
-2 -5.33333 -0.666667
-1.33333 -4 -0.666667

Polygon: -7.84605 -0.0513167 -5.31623
-8.79473 0.264911 -0.572811
-2.15395 -1.94868 -5.63246

Polygon: 4.41421 -0.585786 2.41421
2.29289 0.12132 3.12132
4.41421 0.12132 3.12132
1.58579 -0.585786 2.41421

Polygon: -0.11229 4.01418 -1.46454
-4.33806 -2.74705 -5.35225
-2.98581 3.33806 -3.32388
-5.85934 -2.40899 -6.1974
-3.83097 8.40899 -2.81678

Closest intersection for ray: 0.784236

Ray -2.58915 0.316718 0.281464 0.780869 -0 0.624695
Polygon: 8.84139 -7.37287 -4.56174
6.18643 -2.3753 -5.65495
4 -1.75061 -3.93704

Polygon: 2.57735 2.57735 1.8453
2 6.6188 -1.6188
-0.309401 2.57735 4.73205

Polygon: 2.43431 6.26274 1.01005
1.16152 6.68701 2.28284
0.737258 4 4.82843
6.67696 3.71716 -2.38406

Polygon: 2 3.59175 2.59175
2 7.26599 6.26599
3.22474 3.59175 0.142262
2.40825 4.8165 3

Polygon: -2.33333 -4 5.33333
-0.333333 -2 8.33333
-3.66667 -4.33333 4.33333

Polygon: 3.66667 -3.33333 -5.33333
-2 -5.33333 -0.666667
-1.33333 -4 -0.666667

Polygon: -5.52357 -0.311753 4.29416
0.21182 2.44124 -2.3589
-4.37649 -0.311753 3.14708
-4.14708 -2.37649 3.60591
-4.14708 3.12948 1.77058

Polygon: 4.41421 -0.585786 2.41421
2.29289 0.12132 3.12132
4.41421 0.12132 3.12132
1.58579 -0.585786 2.41421

Polygon: 5.88562 4.53553 4.00694
4.2357 3.35702 -1.41421
3.29289 -0.885618 -0.942809
3.29289 -2.53553 0.707107

Polygon: 3.1543 4.38873 -2.8457
1.30266 -0.548977 -1.76557
2.8457 5.93176 -2.07418
1.91988 1.91988 -1.91988
2.69139 2.07418 -2.8457

Polygon: 4 -3 0
4 1 0
4 1 -1
4 -5 -6

Closest intersection for ray: 0.583502

Ray 4.12394 -1.26281 -4.40176 -0.235702 -0.235702 0.942809
Polygon: 2.57735 2.57735 1.8453
2 6.6188 -1.6188
-0.309401 2.57735 4.73205

Polygon: 2.43431 6.26274 1.01005
1.16152 6.68701 2.28284
0.737258 4 4.82843
6.67696 3.71716 -2.38406

Polygon: 2.27279 2.27279 -6.54558
-1.96985 3.12132 -4.42426
6.65685 0.434315 -7.53553

Polygon: 2.1767 0.0388386 -0.627187
4.92232 2 0.941742
1.78446 3.56893 -1.80388

Polygon: 2.25414 -4.21159 -4.67612
-3.49291 -4.54965 -6.02837
-2.47872 -4.88771 -6.02837
-0.788414 -3.1974 -4.67612

Polygon: -2.33333 -4 5.33333
-0.333333 -2 8.33333
-3.66667 -4.33333 4.33333

Polygon: -7.84605 -0.0513167 -5.31623
-8.79473 0.264911 -0.572811
-2.15395 -1.94868 -5.63246

Polygon: 4.41421 -0.585786 2.41421
2.29289 0.12132 3.12132
4.41421 0.12132 3.12132
1.58579 -0.585786 2.41421

Polygon: 5.88562 4.53553 4.00694
4.2357 3.35702 -1.41421
3.29289 -0.885618 -0.942809
3.29289 -2.53553 0.707107

Polygon: -0.11229 4.01418 -1.46454
-4.33806 -2.74705 -5.35225
-2.98581 3.33806 -3.32388
-5.85934 -2.40899 -6.1974
-3.83097 8.40899 -2.81678

Polygon: 4 -3 0
4 1 0
4 1 -1
4 -5 -6

Closest intersection for ray: 0.525837

Ray -1.8528 -6.45916 -1.34903 -0 -0.196116 0.980581
Polygon: 8.84139 -7.37287 -4.56174
6.18643 -2.3753 -5.65495
4 -1.75061 -3.93704

Polygon: 2.57735 2.57735 1.8453
2 6.6188 -1.6188
-0.309401 2.57735 4.73205

Polygon: 2.43431 6.26274 1.01005
1.16152 6.68701 2.28284
0.737258 4 4.82843
6.67696 3.71716 -2.38406

Polygon: 2 3.59175 2.59175
2 7.26599 6.26599
3.22474 3.59175 0.142262
2.40825 4.8165 3

Polygon: 2.27279 2.27279 -6.54558
-1.96985 3.12132 -4.42426
6.65685 0.434315 -7.53553

Polygon: -2.33333 -4 5.33333
-0.333333 -2 8.33333
-3.66667 -4.33333 4.33333

Polygon: -5.52357 -0.311753 4.29416
0.21182 2.44124 -2.3589
-4.37649 -0.311753 3.14708
-4.14708 -2.37649 3.60591
-4.14708 3.12948 1.77058

Polygon: -1.24939 -0.627135 -1.03026
-1.09322 -5 2.09322
-3.592 -2.50122 2.71791
-2.34261 -6.24939 4.27965
-1.87409 -3.75061 1.93704

Polygon: 3.1543 4.38873 -2.8457
1.30266 -0.548977 -1.76557
2.8457 5.93176 -2.07418
1.91988 1.91988 -1.91988
2.69139 2.07418 -2.8457

Closest intersection for ray: 0.525837

Ray 2.03044 0.0377496 0.765173 0.928477 -0 -0.371391
Polygon: 2.57735 2.57735 1.8453
2 6.6188 -1.6188
-0.309401 2.57735 4.73205

Polygon: -5.23607 2.89443 0.788854
2.36656 3.34164 1.68328
1.91935 0.211146 -4.57771

Polygon: 2.43431 6.26274 1.01005
1.16152 6.68701 2.28284
0.737258 4 4.82843
6.67696 3.71716 -2.38406

Polygon: 2.1767 0.0388386 -0.627187
4.92232 2 0.941742
1.78446 3.56893 -1.80388

Polygon: 1.44124 -1.78818 -6.06474
1.44124 -5.22942 -2.62351
-2.68825 -7.75299 -1.47643

Polygon: 2.25414 -4.21159 -4.67612
-3.49291 -4.54965 -6.02837
-2.47872 -4.88771 -6.02837
-0.788414 -3.1974 -4.67612

Polygon: 5.88562 4.53553 4.00694
4.2357 3.35702 -1.41421
3.29289 -0.885618 -0.942809
3.29289 -2.53553 0.707107

Polygon: -0.11229 4.01418 -1.46454
-4.33806 -2.74705 -5.35225
-2.98581 3.33806 -3.32388
-5.85934 -2.40899 -6.1974
-3.83097 8.40899 -2.81678

Polygon: 4 -3 0
4 1 0
4 1 -1
4 -5 -6

Closest intersection for ray: 0.525837

Ray 1.68463 -3.61871 -1.0277 0.845154 0.169031 0.507093
Polygon: 8.84139 -7.37287 -4.56174
6.18643 -2.3753 -5.65495
4 -1.75061 -3.93704

Polygon: 2.57735 2.57735 1.8453
2 6.6188 -1.6188
-0.309401 2.57735 4.73205

Polygon: 2.43431 6.26274 1.01005
1.16152 6.68701 2.28284
0.737258 4 4.82843
6.67696 3.71716 -2.38406

Polygon: 2.27279 2.27279 -6.54558
-1.96985 3.12132 -4.42426
6.65685 0.434315 -7.53553

Polygon: -7.84605 -0.0513167 -5.31623
-8.79473 0.264911 -0.572811
-2.15395 -1.94868 -5.63246

Polygon: 4.41421 -0.585786 2.41421
2.29289 0.12132 3.12132
4.41421 0.12132 3.12132
1.58579 -0.585786 2.41421

Polygon: 5.88562 4.53553 4.00694
4.2357 3.35702 -1.41421
3.29289 -0.885618 -0.942809
3.29289 -2.53553 0.707107

Polygon: -0.11229 4.01418 -1.46454
-4.33806 -2.74705 -5.35225
-2.98581 3.33806 -3.32388
-5.85934 -2.40899 -6.1974
-3.83097 8.40899 -2.81678

Polygon: 4 -3 0
4 1 0
4 1 -1
4 -5 -6

Closest intersection for ray: 0.525837

