begin
8.84138661855 -7.37286533288 -4.56173761889
6.18643266644 -2.37530495245 -5.65495395211
4.0 -1.75060990489 -3.93704257133
end
begin
2.57735026919 2.57735026919 1.84529946162
2.0 6.61880215352 -1.61880215352
-0.309401076759 2.57735026919 4.73205080757
end
begin
-5.2360679775 2.894427191 0.788854382
2.366563146 3.3416407865 1.683281573
1.9193495505 0.211145618 -4.577708764
end
begin
2.43431457505 6.2627416998 1.01005050634
1.16152236891 6.68700576851 2.28284271247
0.737258300203 4.0 4.82842712475
6.67695526217 3.71715728753 -2.38406204336
end
begin
2.0 3.59175170954 2.59175170954
2.0 7.26598632371 6.26598632371
3.22474487139 3.59175170954 0.142261966753
2.40824829046 4.81649658093 3.0
end
begin
-7.683281573 2.6583592135 -4.0249223595
-2.316718427 5.3416407865 -2.683281573
-3.211145618 4.894427191 1.788854382
end
begin
2.27279220614 2.27279220614 -6.54558441227
-1.96984848098 3.12132034356 -4.42426406871
6.65685424949 0.434314575051 -7.53553390593
end
begin
2.17669681083 0.0388386486182 -0.627187054033
4.92232270276 2.0 0.941742027073
1.78446454055 3.56892908111 -1.80388386486
end
begin
1.44123600806 -1.78817972581 -6.06474160484
1.44123600806 -5.22941573387 -2.62350559678
-2.68824720161 -7.75298880645 -1.47642692742
end
begin
2.25414148499 -4.21158616797 -4.67612340378
-3.49290744716 -4.54964786986 -6.02837021135
-2.47872234149 -4.88770957175 -6.02837021135
-0.788413832032 -3.19740106229 -4.67612340378
end
begin
-2.33333333333 -4.0 5.33333333333
-0.333333333333 -2.0 8.33333333333
-3.66666666667 -4.33333333333 4.33333333333
end
begin
3.66666666667 -3.33333333333 -5.33333333333
-2.0 -5.33333333333 -0.666666666667
-1.33333333333 -4.0 -0.666666666667
end
begin
-5.52357307258 -0.311752798388 4.29415733871
0.211820274188 2.44123600806 -2.35889894354
-4.37649440322 -0.311752798388 3.14707866935
-4.14707866935 -2.37649440322 3.60591013709
-4.14707866935 3.12948320967 1.77058426613
end
begin
-7.84604989415 -0.0513167019495 -5.31622776602
-8.7947331922 0.264911064067 -0.572811275764
-2.15395010585 -1.94868329805 -5.63245553203
end
begin
4.41421356237 -0.585786437627 2.41421356237
2.29289321881 0.12132034356 3.12132034356
4.41421356237 0.12132034356 3.12132034356
1.58578643763 -0.585786437627 2.41421356237
end
begin
5.88561808316 4.53553390593 4.00693842672
4.2357022604 3.35702260396 -1.41421356237
3.29289321881 -0.885618083164 -0.942809041582
3.29289321881 -2.53553390593 0.707106781187
end
begin
-1.24939009511 -0.627134667119 -1.03025890455
-1.09321633322 -5.0 2.09321633322
-3.59199652344 -2.50121980978 2.71791138077
-2.34260642833 -6.24939009511 4.27964899966
-1.87408514266 -3.75060990489 1.93704257133
end
begin
3.15430334996 4.38873014966 -2.84569665004
1.30266315042 -0.548977049128 -1.7655732003
2.84569665004 5.93176364928 -2.07417990023
1.91987655027 1.91987655027 -1.91987655027
2.69139330008 2.07417990023 -2.84569665004
end
begin
-0.112290428249 4.01418510567 -1.46453723581
-4.33806170189 -2.74704893215 -5.35224680757
-2.98581489433 3.33806170189 -3.32387659622
-5.8593393604 -2.40898723026 -6.19740106229
-3.83096914905 8.40898723026 -2.81678404338
end
begin
4.0 -3.0 0.0
4.0 1.0 0.0
4.0 1.0 -1.0
4.0 -5.0 -6.0
end
